This is pdfTeX, Version 3.14159265-2.6-1.40.20 (TeX Live 2019/W32TeX) (preloaded format=pdflatex 2019.8.18)  18 AUG 2019 20:57
entering extended mode
 restricted \write18 enabled.
 file:line:error style messages enabled.
 %&-line parsing enabled.
**g:/011_UQAM/00_MAITRISE/5ca218ab4c4081742cc66c1b/00_coquille.tex
(g:/011_UQAM/00_MAITRISE/5ca218ab4c4081742cc66c1b/00_coquille.tex
LaTeX2e <2018-12-01>
(g:/011_UQAM/00_MAITRISE/5ca218ab4c4081742cc66c1b/memoireuqam1.3.cls
Document Class: memoireuqam1.3 2017/12/13 v1.3M Format LaTeX pour les memoires a l'UQAM.
(c:/texlive/2019/texmf-dist/tex/latex/base/report.cls
Document Class: report 2018/09/03 v1.4i Standard LaTeX document class
(c:/texlive/2019/texmf-dist/tex/latex/base/size12.clo
File: size12.clo 2018/09/03 v1.4i Standard LaTeX file (size option)
)
\c@part=\count80
\c@chapter=\count81
\c@section=\count82
\c@subsection=\count83
\c@subsubsection=\count84
\c@paragraph=\count85
\c@subparagraph=\count86
\c@figure=\count87
\c@table=\count88
\abovecaptionskip=\skip41
\belowcaptionskip=\skip42
\bibindent=\dimen102
)
\simpleinter=\skip43
\doubleinter=\skip44
) (c:/texlive/2019/texmf-dist/tex/latex/graphics/graphicx.sty
Package: graphicx 2017/06/01 v1.1a Enhanced LaTeX Graphics (DPC,SPQR)
 (c:/texlive/2019/texmf-dist/tex/latex/graphics/keyval.sty
Package: keyval 2014/10/28 v1.15 key=value parser (DPC)
\KV@toks@=\toks14
) (c:/texlive/2019/texmf-dist/tex/latex/graphics/graphics.sty
Package: graphics 2017/06/25 v1.2c Standard LaTeX Graphics (DPC,SPQR)
 (c:/texlive/2019/texmf-dist/tex/latex/graphics/trig.sty
Package: trig 2016/01/03 v1.10 sin cos tan (DPC)
) (c:/texlive/2019/texmf-dist/tex/latex/graphics-cfg/graphics.cfg
File: graphics.cfg 2016/06/04 v1.11 sample graphics configuration
)
Package graphics Info: Driver file: pdftex.def on input line 99.
 (c:/texlive/2019/texmf-dist/tex/latex/graphics-def/pdftex.def
File: pdftex.def 2018/01/08 v1.0l Graphics/color driver for pdftex
))
\Gin@req@height=\dimen103
\Gin@req@width=\dimen104
) (c:/texlive/2019/texmf-dist/tex/latex/natbib/natbib.sty
Package: natbib 2010/09/13 8.31b (PWD, AO)
\bibhang=\skip45
\bibsep=\skip46
LaTeX Info: Redefining \cite on input line 694.
\c@NAT@ctr=\count89
) (c:/texlive/2019/texmf-dist/tex/generic/babel/babel.sty
Package: babel 2019/07/19 3.33 The Babel package
 (c:/texlive/2019/texmf-dist/tex/generic/babel/switch.def
File: switch.def 2019/07/19 3.33 Babel switching mechanism
) (c:/texlive/2019/texmf-dist/tex/generic/babel-french/french.ldf
Language: french 2019/03/30 v3.5e French support from the babel system
 (c:/texlive/2019/texmf-dist/tex/generic/babel/babel.def
File: babel.def 2019/07/19 3.33 Babel common definitions
\babel@savecnt=\count90
\U@D=\dimen105
 (c:/texlive/2019/texmf-dist/tex/generic/babel/txtbabel.def)
\bbl@dirlevel=\count91
)
\l@acadian = a dialect from \language\l@french 
\FB@nonchar=\count92
Package babel Info: Making : an active character on input line 414.
Package babel Info: Making ; an active character on input line 415.
Package babel Info: Making ! an active character on input line 416.
Package babel Info: Making ? an active character on input line 417.
\FBguill@level=\count93
\FBold@everypar=\toks15
\FB@Mht=\dimen106
\mc@charclass=\count94
\mc@charfam=\count95
\mc@charslot=\count96
\std@mcc=\count97
\dec@mcc=\count98
\c@FBcaption@count=\count99
\listindentFB=\dimen107
\descindentFB=\dimen108
\labelindentFB=\dimen109
\labelwidthFB=\dimen110
\leftmarginFB=\dimen111
\parindentFFN=\dimen112
\FBfnindent=\dimen113
)) (c:/texlive/2019/texmf-dist/tex/latex/carlisle/scalefnt.sty) (c:/texlive/2019/texmf-dist/tex/latex/base/inputenc.sty
Package: inputenc 2018/08/11 v1.3c Input encoding file
\inpenc@prehook=\toks16
\inpenc@posthook=\toks17
) (c:/texlive/2019/texmf-dist/tex/latex/base/fontenc.sty
Package: fontenc 2018/08/11 v2.0j Standard LaTeX package
 (c:/texlive/2019/texmf-dist/tex/latex/base/t1enc.def
File: t1enc.def 2018/08/11 v2.0j Standard LaTeX file
LaTeX Font Info:    Redeclaring font encoding T1 on input line 48.
)) (c:/texlive/2019/texmf-dist/tex/latex/url/url.sty
\Urlmuskip=\muskip10
Package: url 2013/09/16  ver 3.4  Verb mode for urls, etc.
) (c:/texlive/2019/texmf-dist/tex/latex/framed/framed.sty
Package: framed 2011/10/22 v 0.96: framed or shaded text with page breaks
\OuterFrameSep=\skip47
\fb@frw=\dimen114
\fb@frh=\dimen115
\FrameRule=\dimen116
\FrameSep=\dimen117
) (c:/texlive/2019/texmf-dist/tex/latex/amsmath/amsmath.sty
Package: amsmath 2018/12/01 v2.17b AMS math features
\@mathmargin=\skip48

For additional information on amsmath, use the `?' option.
(c:/texlive/2019/texmf-dist/tex/latex/amsmath/amstext.sty
Package: amstext 2000/06/29 v2.01 AMS text
 (c:/texlive/2019/texmf-dist/tex/latex/amsmath/amsgen.sty
File: amsgen.sty 1999/11/30 v2.0 generic functions
\@emptytoks=\toks18
\ex@=\dimen118
)) (c:/texlive/2019/texmf-dist/tex/latex/amsmath/amsbsy.sty
Package: amsbsy 1999/11/29 v1.2d Bold Symbols
\pmbraise@=\dimen119
) (c:/texlive/2019/texmf-dist/tex/latex/amsmath/amsopn.sty
Package: amsopn 2016/03/08 v2.02 operator names
)
\inf@bad=\count100
LaTeX Info: Redefining \frac on input line 223.
\uproot@=\count101
\leftroot@=\count102
LaTeX Info: Redefining \overline on input line 385.
\classnum@=\count103
\DOTSCASE@=\count104
LaTeX Info: Redefining \ldots on input line 482.
LaTeX Info: Redefining \dots on input line 485.
LaTeX Info: Redefining \cdots on input line 606.
\Mathstrutbox@=\box27
\strutbox@=\box28
\big@size=\dimen120
LaTeX Font Info:    Redeclaring font encoding OML on input line 729.
LaTeX Font Info:    Redeclaring font encoding OMS on input line 730.
\macc@depth=\count105
\c@MaxMatrixCols=\count106
\dotsspace@=\muskip11
\c@parentequation=\count107
\dspbrk@lvl=\count108
\tag@help=\toks19
\row@=\count109
\column@=\count110
\maxfields@=\count111
\andhelp@=\toks20
\eqnshift@=\dimen121
\alignsep@=\dimen122
\tagshift@=\dimen123
\tagwidth@=\dimen124
\totwidth@=\dimen125
\lineht@=\dimen126
\@envbody=\toks21
\multlinegap=\skip49
\multlinetaggap=\skip50
\mathdisplay@stack=\toks22
LaTeX Info: Redefining \[ on input line 2844.
LaTeX Info: Redefining \] on input line 2845.
) (c:/texlive/2019/texmf-dist/tex/latex/amscls/amsthm.sty
Package: amsthm 2017/10/31 v2.20.4
\thm@style=\toks23
\thm@bodyfont=\toks24
\thm@headfont=\toks25
\thm@notefont=\toks26
\thm@headpunct=\toks27
\thm@preskip=\skip51
\thm@postskip=\skip52
\thm@headsep=\skip53
\dth@everypar=\toks28
) (c:/texlive/2019/texmf-dist/tex/latex/amsfonts/amssymb.sty
Package: amssymb 2013/01/14 v3.01 AMS font symbols
 (c:/texlive/2019/texmf-dist/tex/latex/amsfonts/amsfonts.sty
Package: amsfonts 2013/01/14 v3.01 Basic AMSFonts support
\symAMSa=\mathgroup4
\symAMSb=\mathgroup5
LaTeX Font Info:    Overwriting math alphabet `\mathfrak' in version `bold'
(Font)                  U/euf/m/n --> U/euf/b/n on input line 106.
)) (c:/texlive/2019/texmf-dist/tex/latex/tools/enumerate.sty
Package: enumerate 2015/07/23 v3.00 enumerate extensions (DPC)
\@enLab=\toks29
) (c:/texlive/2019/texmf-dist/tex/latex/enumitem/enumitem.sty
Package: enumitem 2019/06/20 v3.9 Customized lists
\labelindent=\skip54
\enit@outerparindent=\dimen127
\enit@toks=\toks30
\enit@inbox=\box29
\enit@count@id=\count112
\enitdp@description=\count113
) (c:/texlive/2019/texmf-dist/tex/latex/tools/multicol.sty
Package: multicol 2018/12/27 v1.8v multicolumn formatting (FMi)
\c@tracingmulticols=\count114
\mult@box=\box30
\multicol@leftmargin=\dimen128
\c@unbalance=\count115
\c@collectmore=\count116
\doublecol@number=\count117
\multicoltolerance=\count118
\multicolpretolerance=\count119
\full@width=\dimen129
\page@free=\dimen130
\premulticols=\dimen131
\postmulticols=\dimen132
\multicolsep=\skip55
\multicolbaselineskip=\skip56
\partial@page=\box31
\last@line=\box32
\maxbalancingoverflow=\dimen133
\mult@rightbox=\box33
\mult@grightbox=\box34
\mult@gfirstbox=\box35
\mult@firstbox=\box36
\@tempa=\box37
\@tempa=\box38
\@tempa=\box39
\@tempa=\box40
\@tempa=\box41
\@tempa=\box42
\@tempa=\box43
\@tempa=\box44
\@tempa=\box45
\@tempa=\box46
\@tempa=\box47
\@tempa=\box48
\@tempa=\box49
\@tempa=\box50
\@tempa=\box51
\@tempa=\box52
\@tempa=\box53
\c@columnbadness=\count120
\c@finalcolumnbadness=\count121
\last@try=\dimen134
\multicolovershoot=\dimen135
\multicolundershoot=\dimen136
\mult@nat@firstbox=\box54
\colbreak@box=\box55
\mc@col@check@num=\count122
) (c:/texlive/2019/texmf-dist/tex/latex/tools/array.sty
Package: array 2018/12/30 v2.4k Tabular extension package (FMi)
\col@sep=\dimen137
\ar@mcellbox=\box56
\extrarowheight=\dimen138
\NC@list=\toks31
\extratabsurround=\skip57
\backup@length=\skip58
\ar@cellbox=\box57
) (c:/texlive/2019/texmf-dist/tex/latex/graphics/color.sty
Package: color 2016/07/10 v1.1e Standard LaTeX Color (DPC)
 (c:/texlive/2019/texmf-dist/tex/latex/graphics-cfg/color.cfg
File: color.cfg 2016/01/02 v1.6 sample color configuration
)
Package color Info: Driver file: pdftex.def on input line 147.
) (c:/texlive/2019/texmf-dist/tex/latex/units/units.sty
Package: units 1998/08/04 v0.9b Typesetting units
 (c:/texlive/2019/texmf-dist/tex/latex/base/ifthen.sty
Package: ifthen 2014/09/29 v1.1c Standard LaTeX ifthen package (DPC)
) (c:/texlive/2019/texmf-dist/tex/latex/units/nicefrac.sty
Package: nicefrac 1998/08/04 v0.9b Nice fractions
\L@UnitsRaiseDisplaystyle=\skip59
\L@UnitsRaiseTextstyle=\skip60
\L@UnitsRaiseScriptstyle=\skip61
)) (c:/texlive/2019/texmf-dist/tex/latex/pgf/basiclayer/pgf.sty (c:/texlive/2019/texmf-dist/tex/latex/pgf/utilities/pgfrcs.sty (c:/texlive/2019/texmf-dist/tex/generic/pgf/utilities/pgfutil-common.tex
\pgfutil@everybye=\toks32
\pgfutil@tempdima=\dimen139
\pgfutil@tempdimb=\dimen140
 (c:/texlive/2019/texmf-dist/tex/generic/pgf/utilities/pgfutil-common-lists.tex)) (c:/texlive/2019/texmf-dist/tex/generic/pgf/utilities/pgfutil-latex.def
\pgfutil@abb=\box58
 (c:/texlive/2019/texmf-dist/tex/latex/ms/everyshi.sty
Package: everyshi 2001/05/15 v3.00 EveryShipout Package (MS)
)) (c:/texlive/2019/texmf-dist/tex/generic/pgf/utilities/pgfrcs.code.tex (c:/texlive/2019/texmf-dist/tex/generic/pgf/pgf.revision.tex)
Package: pgfrcs 2019/08/03 v3.1.4b (3.1.4b)
))
Package: pgf 2019/08/03 v3.1.4b (3.1.4b)
 (c:/texlive/2019/texmf-dist/tex/latex/pgf/basiclayer/pgfcore.sty (c:/texlive/2019/texmf-dist/tex/latex/pgf/systemlayer/pgfsys.sty (c:/texlive/2019/texmf-dist/tex/generic/pgf/systemlayer/pgfsys.code.tex
Package: pgfsys 2019/08/03 v3.1.4b (3.1.4b)
 (c:/texlive/2019/texmf-dist/tex/generic/pgf/utilities/pgfkeys.code.tex
\pgfkeys@pathtoks=\toks33
\pgfkeys@temptoks=\toks34
 (c:/texlive/2019/texmf-dist/tex/generic/pgf/utilities/pgfkeysfiltered.code.tex
\pgfkeys@tmptoks=\toks35
))
\pgf@x=\dimen141
\pgf@y=\dimen142
\pgf@xa=\dimen143
\pgf@ya=\dimen144
\pgf@xb=\dimen145
\pgf@yb=\dimen146
\pgf@xc=\dimen147
\pgf@yc=\dimen148
\pgf@xd=\dimen149
\pgf@yd=\dimen150
\w@pgf@writea=\write3
\r@pgf@reada=\read1
\c@pgf@counta=\count123
\c@pgf@countb=\count124
\c@pgf@countc=\count125
\c@pgf@countd=\count126
\t@pgf@toka=\toks36
\t@pgf@tokb=\toks37
\t@pgf@tokc=\toks38
\pgf@sys@id@count=\count127
 (c:/texlive/2019/texmf-dist/tex/generic/pgf/systemlayer/pgf.cfg
File: pgf.cfg 2019/08/03 v3.1.4b (3.1.4b)
)
Driver file for pgf: pgfsys-pdftex.def
 (c:/texlive/2019/texmf-dist/tex/generic/pgf/systemlayer/pgfsys-pdftex.def
File: pgfsys-pdftex.def 2019/08/03 v3.1.4b (3.1.4b)
 (c:/texlive/2019/texmf-dist/tex/generic/pgf/systemlayer/pgfsys-common-pdf.def
File: pgfsys-common-pdf.def 2019/08/03 v3.1.4b (3.1.4b)
))) (c:/texlive/2019/texmf-dist/tex/generic/pgf/systemlayer/pgfsyssoftpath.code.tex
File: pgfsyssoftpath.code.tex 2019/08/03 v3.1.4b (3.1.4b)
\pgfsyssoftpath@smallbuffer@items=\count128
\pgfsyssoftpath@bigbuffer@items=\count129
) (c:/texlive/2019/texmf-dist/tex/generic/pgf/systemlayer/pgfsysprotocol.code.tex
File: pgfsysprotocol.code.tex 2019/08/03 v3.1.4b (3.1.4b)
)) (c:/texlive/2019/texmf-dist/tex/latex/xcolor/xcolor.sty
Package: xcolor 2016/05/11 v2.12 LaTeX color extensions (UK)
 (c:/texlive/2019/texmf-dist/tex/latex/graphics-cfg/color.cfg
File: color.cfg 2016/01/02 v1.6 sample color configuration
)
Package xcolor Info: Driver file: pdftex.def on input line 225.
LaTeX Info: Redefining \color on input line 709.
Package xcolor Info: Model `cmy' substituted by `cmy0' on input line 1348.
Package xcolor Info: Model `hsb' substituted by `rgb' on input line 1352.
Package xcolor Info: Model `RGB' extended on input line 1364.
Package xcolor Info: Model `HTML' substituted by `rgb' on input line 1366.
Package xcolor Info: Model `Hsb' substituted by `hsb' on input line 1367.
Package xcolor Info: Model `tHsb' substituted by `hsb' on input line 1368.
Package xcolor Info: Model `HSB' substituted by `hsb' on input line 1369.
Package xcolor Info: Model `Gray' substituted by `gray' on input line 1370.
Package xcolor Info: Model `wave' substituted by `hsb' on input line 1371.
) (c:/texlive/2019/texmf-dist/tex/generic/pgf/basiclayer/pgfcore.code.tex
Package: pgfcore 2019/08/03 v3.1.4b (3.1.4b)
 (c:/texlive/2019/texmf-dist/tex/generic/pgf/math/pgfmath.code.tex (c:/texlive/2019/texmf-dist/tex/generic/pgf/math/pgfmathcalc.code.tex (c:/texlive/2019/texmf-dist/tex/generic/pgf/math/pgfmathutil.code.tex) (c:/texlive/2019/texmf-dist/tex/generic/pgf/math/pgfmathparser.code.tex
\pgfmath@dimen=\dimen151
\pgfmath@count=\count130
\pgfmath@box=\box59
\pgfmath@toks=\toks39
\pgfmath@stack@operand=\toks40
\pgfmath@stack@operation=\toks41
) (c:/texlive/2019/texmf-dist/tex/generic/pgf/math/pgfmathfunctions.code.tex (c:/texlive/2019/texmf-dist/tex/generic/pgf/math/pgfmathfunctions.basic.code.tex) (c:/texlive/2019/texmf-dist/tex/generic/pgf/math/pgfmathfunctions.trigonometric.code.tex) (c:/texlive/2019/texmf-dist/tex/generic/pgf/math/pgfmathfunctions.random.code.tex) (c:/texlive/2019/texmf-dist/tex/generic/pgf/math/pgfmathfunctions.comparison.code.tex) (c:/texlive/2019/texmf-dist/tex/generic/pgf/math/pgfmathfunctions.base.code.tex) (c:/texlive/2019/texmf-dist/tex/generic/pgf/math/pgfmathfunctions.round.code.tex) (c:/texlive/2019/texmf-dist/tex/generic/pgf/math/pgfmathfunctions.misc.code.tex) (c:/texlive/2019/texmf-dist/tex/generic/pgf/math/pgfmathfunctions.integerarithmetics.code.tex))) (c:/texlive/2019/texmf-dist/tex/generic/pgf/math/pgfmathfloat.code.tex
\c@pgfmathroundto@lastzeros=\count131
)) (c:/texlive/2019/texmf-dist/tex/generic/pgf/math/pgfint.code.tex) (c:/texlive/2019/texmf-dist/tex/generic/pgf/basiclayer/pgfcorepoints.code.tex
File: pgfcorepoints.code.tex 2019/08/03 v3.1.4b (3.1.4b)
\pgf@picminx=\dimen152
\pgf@picmaxx=\dimen153
\pgf@picminy=\dimen154
\pgf@picmaxy=\dimen155
\pgf@pathminx=\dimen156
\pgf@pathmaxx=\dimen157
\pgf@pathminy=\dimen158
\pgf@pathmaxy=\dimen159
\pgf@xx=\dimen160
\pgf@xy=\dimen161
\pgf@yx=\dimen162
\pgf@yy=\dimen163
\pgf@zx=\dimen164
\pgf@zy=\dimen165
) (c:/texlive/2019/texmf-dist/tex/generic/pgf/basiclayer/pgfcorepathconstruct.code.tex
File: pgfcorepathconstruct.code.tex 2019/08/03 v3.1.4b (3.1.4b)
\pgf@path@lastx=\dimen166
\pgf@path@lasty=\dimen167
) (c:/texlive/2019/texmf-dist/tex/generic/pgf/basiclayer/pgfcorepathusage.code.tex
File: pgfcorepathusage.code.tex 2019/08/03 v3.1.4b (3.1.4b)
\pgf@shorten@end@additional=\dimen168
\pgf@shorten@start@additional=\dimen169
) (c:/texlive/2019/texmf-dist/tex/generic/pgf/basiclayer/pgfcorescopes.code.tex
File: pgfcorescopes.code.tex 2019/08/03 v3.1.4b (3.1.4b)
\pgfpic=\box60
\pgf@hbox=\box61
\pgf@layerbox@main=\box62
\pgf@picture@serial@count=\count132
) (c:/texlive/2019/texmf-dist/tex/generic/pgf/basiclayer/pgfcoregraphicstate.code.tex
File: pgfcoregraphicstate.code.tex 2019/08/03 v3.1.4b (3.1.4b)
\pgflinewidth=\dimen170
) (c:/texlive/2019/texmf-dist/tex/generic/pgf/basiclayer/pgfcoretransformations.code.tex
File: pgfcoretransformations.code.tex 2019/08/03 v3.1.4b (3.1.4b)
\pgf@pt@x=\dimen171
\pgf@pt@y=\dimen172
\pgf@pt@temp=\dimen173
) (c:/texlive/2019/texmf-dist/tex/generic/pgf/basiclayer/pgfcorequick.code.tex
File: pgfcorequick.code.tex 2019/08/03 v3.1.4b (3.1.4b)
) (c:/texlive/2019/texmf-dist/tex/generic/pgf/basiclayer/pgfcoreobjects.code.tex
File: pgfcoreobjects.code.tex 2019/08/03 v3.1.4b (3.1.4b)
) (c:/texlive/2019/texmf-dist/tex/generic/pgf/basiclayer/pgfcorepathprocessing.code.tex
File: pgfcorepathprocessing.code.tex 2019/08/03 v3.1.4b (3.1.4b)
) (c:/texlive/2019/texmf-dist/tex/generic/pgf/basiclayer/pgfcorearrows.code.tex
File: pgfcorearrows.code.tex 2019/08/03 v3.1.4b (3.1.4b)
\pgfarrowsep=\dimen174
) (c:/texlive/2019/texmf-dist/tex/generic/pgf/basiclayer/pgfcoreshade.code.tex
File: pgfcoreshade.code.tex 2019/08/03 v3.1.4b (3.1.4b)
\pgf@max=\dimen175
\pgf@sys@shading@range@num=\count133
\pgf@shadingcount=\count134
) (c:/texlive/2019/texmf-dist/tex/generic/pgf/basiclayer/pgfcoreimage.code.tex
File: pgfcoreimage.code.tex 2019/08/03 v3.1.4b (3.1.4b)
 (c:/texlive/2019/texmf-dist/tex/generic/pgf/basiclayer/pgfcoreexternal.code.tex
File: pgfcoreexternal.code.tex 2019/08/03 v3.1.4b (3.1.4b)
\pgfexternal@startupbox=\box63
)) (c:/texlive/2019/texmf-dist/tex/generic/pgf/basiclayer/pgfcorelayers.code.tex
File: pgfcorelayers.code.tex 2019/08/03 v3.1.4b (3.1.4b)
) (c:/texlive/2019/texmf-dist/tex/generic/pgf/basiclayer/pgfcoretransparency.code.tex
File: pgfcoretransparency.code.tex 2019/08/03 v3.1.4b (3.1.4b)
) (c:/texlive/2019/texmf-dist/tex/generic/pgf/basiclayer/pgfcorepatterns.code.tex
File: pgfcorepatterns.code.tex 2019/08/03 v3.1.4b (3.1.4b)
) (c:/texlive/2019/texmf-dist/tex/generic/pgf/basiclayer/pgfcorerdf.code.tex
File: pgfcorerdf.code.tex 2019/08/03 v3.1.4b (3.1.4b)
))) (c:/texlive/2019/texmf-dist/tex/generic/pgf/modules/pgfmoduleshapes.code.tex
File: pgfmoduleshapes.code.tex 2019/08/03 v3.1.4b (3.1.4b)
\pgfnodeparttextbox=\box64
) (c:/texlive/2019/texmf-dist/tex/generic/pgf/modules/pgfmoduleplot.code.tex
File: pgfmoduleplot.code.tex 2019/08/03 v3.1.4b (3.1.4b)
) (c:/texlive/2019/texmf-dist/tex/latex/pgf/compatibility/pgfcomp-version-0-65.sty
Package: pgfcomp-version-0-65 2019/08/03 v3.1.4b (3.1.4b)
\pgf@nodesepstart=\dimen176
\pgf@nodesepend=\dimen177
) (c:/texlive/2019/texmf-dist/tex/latex/pgf/compatibility/pgfcomp-version-1-18.sty
Package: pgfcomp-version-1-18 2019/08/03 v3.1.4b (3.1.4b)
)) (c:/texlive/2019/texmf-dist/tex/latex/pgf/frontendlayer/tikz.sty (c:/texlive/2019/texmf-dist/tex/latex/pgf/utilities/pgffor.sty (c:/texlive/2019/texmf-dist/tex/latex/pgf/utilities/pgfkeys.sty (c:/texlive/2019/texmf-dist/tex/generic/pgf/utilities/pgfkeys.code.tex)) (c:/texlive/2019/texmf-dist/tex/latex/pgf/math/pgfmath.sty (c:/texlive/2019/texmf-dist/tex/generic/pgf/math/pgfmath.code.tex)) (c:/texlive/2019/texmf-dist/tex/generic/pgf/utilities/pgffor.code.tex
Package: pgffor 2019/08/03 v3.1.4b (3.1.4b)
 (c:/texlive/2019/texmf-dist/tex/generic/pgf/math/pgfmath.code.tex)
\pgffor@iter=\dimen178
\pgffor@skip=\dimen179
\pgffor@stack=\toks42
\pgffor@toks=\toks43
)) (c:/texlive/2019/texmf-dist/tex/generic/pgf/frontendlayer/tikz/tikz.code.tex
Package: tikz 2019/08/03 v3.1.4b (3.1.4b)
 (c:/texlive/2019/texmf-dist/tex/generic/pgf/libraries/pgflibraryplothandlers.code.tex
File: pgflibraryplothandlers.code.tex 2019/08/03 v3.1.4b (3.1.4b)
\pgf@plot@mark@count=\count135
\pgfplotmarksize=\dimen180
)
\tikz@lastx=\dimen181
\tikz@lasty=\dimen182
\tikz@lastxsaved=\dimen183
\tikz@lastysaved=\dimen184
\tikz@lastmovetox=\dimen185
\tikz@lastmovetoy=\dimen186
\tikzleveldistance=\dimen187
\tikzsiblingdistance=\dimen188
\tikz@figbox=\box65
\tikz@figbox@bg=\box66
\tikz@tempbox=\box67
\tikz@tempbox@bg=\box68
\tikztreelevel=\count136
\tikznumberofchildren=\count137
\tikznumberofcurrentchild=\count138
\tikz@fig@count=\count139
 (c:/texlive/2019/texmf-dist/tex/generic/pgf/modules/pgfmodulematrix.code.tex
File: pgfmodulematrix.code.tex 2019/08/03 v3.1.4b (3.1.4b)
\pgfmatrixcurrentrow=\count140
\pgfmatrixcurrentcolumn=\count141
\pgf@matrix@numberofcolumns=\count142
)
\tikz@expandcount=\count143
 (c:/texlive/2019/texmf-dist/tex/generic/pgf/frontendlayer/tikz/libraries/tikzlibrarytopaths.code.tex
File: tikzlibrarytopaths.code.tex 2019/08/03 v3.1.4b (3.1.4b)
))) (c:/texlive/2019/texmf-dist/tex/generic/pgf/frontendlayer/tikz/libraries/tikzlibraryarrows.code.tex
File: tikzlibraryarrows.code.tex 2019/08/03 v3.1.4b (3.1.4b)
 (c:/texlive/2019/texmf-dist/tex/generic/pgf/libraries/pgflibraryarrows.code.tex
File: pgflibraryarrows.code.tex 2019/08/03 v3.1.4b (3.1.4b)
\arrowsize=\dimen189
)) (c:/texlive/2019/texmf-dist/tex/latex/hyperref/hyperref.sty
Package: hyperref 2019/06/12 v6.88h Hypertext links for LaTeX
 (c:/texlive/2019/texmf-dist/tex/generic/oberdiek/hobsub-hyperref.sty
Package: hobsub-hyperref 2016/05/16 v1.14 Bundle oberdiek, subset hyperref (HO)
 (c:/texlive/2019/texmf-dist/tex/generic/oberdiek/hobsub-generic.sty
Package: hobsub-generic 2016/05/16 v1.14 Bundle oberdiek, subset generic (HO)
Package: hobsub 2016/05/16 v1.14 Construct package bundles (HO)
Package: infwarerr 2016/05/16 v1.4 Providing info/warning/error messages (HO)
Package: ltxcmds 2016/05/16 v1.23 LaTeX kernel commands for general use (HO)
Package: ifluatex 2016/05/16 v1.4 Provides the ifluatex switch (HO)
Package ifluatex Info: LuaTeX not detected.
Package: ifvtex 2016/05/16 v1.6 Detect VTeX and its facilities (HO)
Package ifvtex Info: VTeX not detected.
Package: intcalc 2016/05/16 v1.2 Expandable calculations with integers (HO)
Package: ifpdf 2018/09/07 v3.3 Provides the ifpdf switch
Package: etexcmds 2016/05/16 v1.6 Avoid name clashes with e-TeX commands (HO)
Package: kvsetkeys 2016/05/16 v1.17 Key value parser (HO)
Package: kvdefinekeys 2016/05/16 v1.4 Define keys (HO)
Package: pdftexcmds 2019/07/25 v0.30 Utility functions of pdfTeX for LuaTeX (HO)
Package pdftexcmds Info: LuaTeX not detected.
Package pdftexcmds Info: \pdf@primitive is available.
Package pdftexcmds Info: \pdf@ifprimitive is available.
Package pdftexcmds Info: \pdfdraftmode found.
Package: pdfescape 2016/05/16 v1.14 Implements pdfTeX's escape features (HO)
Package: bigintcalc 2016/05/16 v1.4 Expandable calculations on big integers (HO)
Package: bitset 2016/05/16 v1.2 Handle bit-vector datatype (HO)
Package: uniquecounter 2016/05/16 v1.3 Provide unlimited unique counter (HO)
)
Package hobsub Info: Skipping package `hobsub' (already loaded).
Package: letltxmacro 2016/05/16 v1.5 Let assignment for LaTeX macros (HO)
Package: hopatch 2016/05/16 v1.3 Wrapper for package hooks (HO)
Package: xcolor-patch 2016/05/16 xcolor patch
Package: atveryend 2016/05/16 v1.9 Hooks at the very end of document (HO)
Package atveryend Info: \enddocument detected (standard20110627).
Package: atbegshi 2016/06/09 v1.18 At begin shipout hook (HO)
Package: refcount 2016/05/16 v3.5 Data extraction from label references (HO)
Package: hycolor 2016/05/16 v1.8 Color options for hyperref/bookmark (HO)
) (c:/texlive/2019/texmf-dist/tex/generic/ifxetex/ifxetex.sty
Package: ifxetex 2010/09/12 v0.6 Provides ifxetex conditional
) (c:/texlive/2019/texmf-dist/tex/latex/oberdiek/auxhook.sty
Package: auxhook 2016/05/16 v1.4 Hooks for auxiliary files (HO)
) (c:/texlive/2019/texmf-dist/tex/latex/oberdiek/kvoptions.sty
Package: kvoptions 2016/05/16 v3.12 Key value format for package options (HO)
)
\@linkdim=\dimen190
\Hy@linkcounter=\count144
\Hy@pagecounter=\count145
 (c:/texlive/2019/texmf-dist/tex/latex/hyperref/pd1enc.def
File: pd1enc.def 2019/06/12 v6.88h Hyperref: PDFDocEncoding definition (HO)
Now handling font encoding PD1 ...
... no UTF-8 mapping file for font encoding PD1
)
\Hy@SavedSpaceFactor=\count146
 (c:/texlive/2019/texmf-dist/tex/latex/latexconfig/hyperref.cfg
File: hyperref.cfg 2002/06/06 v1.2 hyperref configuration of TeXLive
)
Package hyperref Info: Hyper figures OFF on input line 4550.
Package hyperref Info: Link nesting OFF on input line 4555.
Package hyperref Info: Hyper index ON on input line 4558.
Package hyperref Info: Plain pages OFF on input line 4565.
Package hyperref Info: Backreferencing OFF on input line 4570.
Package hyperref Info: Implicit mode ON; LaTeX internals redefined.
Package hyperref Info: Bookmarks ON on input line 4803.
\c@Hy@tempcnt=\count147
LaTeX Info: Redefining \url on input line 5156.
\XeTeXLinkMargin=\dimen191
\Fld@menulength=\count148
\Field@Width=\dimen192
\Fld@charsize=\dimen193
Package hyperref Info: Hyper figures OFF on input line 6411.
Package hyperref Info: Link nesting OFF on input line 6416.
Package hyperref Info: Hyper index ON on input line 6419.
Package hyperref Info: backreferencing OFF on input line 6426.
Package hyperref Info: Link coloring OFF on input line 6431.
Package hyperref Info: Link coloring with OCG OFF on input line 6436.
Package hyperref Info: PDF/A mode OFF on input line 6441.
LaTeX Info: Redefining \ref on input line 6481.
LaTeX Info: Redefining \pageref on input line 6485.
\Hy@abspage=\count149
\c@Item=\count150
\c@Hfootnote=\count151
)
Package hyperref Info: Driver (autodetected): hpdftex.
 (c:/texlive/2019/texmf-dist/tex/latex/hyperref/hpdftex.def
File: hpdftex.def 2019/06/12 v6.88h Hyperref driver for pdfTeX
\Fld@listcount=\count152
\c@bookmark@seq@number=\count153
 (c:/texlive/2019/texmf-dist/tex/latex/oberdiek/rerunfilecheck.sty
Package: rerunfilecheck 2016/05/16 v1.8 Rerun checks for auxiliary files (HO)
Package uniquecounter Info: New unique counter `rerunfilecheck' on input line 282.
)
\Hy@SectionHShift=\skip62
) (c:/texlive/2019/texmf-dist/tex/latex/cprotect/cprotect.sty
Package: cprotect 2011/01/27 v1.0e (Bruno Le Floch)
 (c:/texlive/2019/texmf-dist/tex/latex/bigfoot/suffix.sty
Package: suffix 2006/07/15 1.5a Variant command support
)
\CPT@WriteOut=\write4
\c@CPT@WriteCount=\count154
\c@CPT@numB=\count155
\CPT@commandatend@toks=\toks44
) (c:/texlive/2019/texmf-dist/tex/latex/float/float.sty
Package: float 2001/11/08 v1.3d Float enhancements (AL)
\c@float@type=\count156
\float@exts=\toks45
\float@box=\box69
\@float@everytoks=\toks46
\@floatcapt=\box70
) (c:/texlive/2019/texmf-dist/tex/latex/caption/subcaption.sty
Package: subcaption 2018/05/01 v1.1-162 Sub-captions (AR)
 (c:/texlive/2019/texmf-dist/tex/latex/caption/caption.sty
Package: caption 2018/10/06 v3.3-154 Customizing captions (AR)
 (c:/texlive/2019/texmf-dist/tex/latex/caption/caption3.sty
Package: caption3 2018/09/12 v1.8c caption3 kernel (AR)
Package caption3 Info: TeX engine: e-TeX on input line 64.
\captionmargin=\dimen194
\captionmargin@=\dimen195
\captionwidth=\dimen196
\caption@tempdima=\dimen197
\caption@indent=\dimen198
\caption@parindent=\dimen199
\caption@hangindent=\dimen256
Package caption Info: The definition of \@makecaption has been changed,
(caption)             frenchb will NOT customize it.
Package caption Info: Unknown document class (or package),
(caption)             standard defaults will be used.
)

Package caption Warning: Unsupported document class (or package) detected,
(caption)                usage of the caption package is not recommended.
See the caption package documentation for explanation.

Package caption Info: \@makecaption = \long macro:#1#2->\vskip \abovecaptionskip \sbox \@tempboxa {{#1} #2} \ifdim \wd \@tempboxa >\hsize {#1} #2\par \else \global \@minipagefalse \hb@xt@ \hsize {\hfil \box \@tempboxa \hfil }\fi \vskip \belowcaptionskip .
\c@caption@flags=\count157
\c@ContinuedFloat=\count158
Package caption Info: float package is loaded.
Package caption Info: hyperref package is loaded.
)
\c@subfigure=\count159
\c@subtable=\count160
) (c:/texlive/2019/texmf-dist/tex/latex/comment/comment.sty
\CommentStream=\write5
 Excluding comment 'comment') (g:/011_UQAM/00_MAITRISE/5ca218ab4c4081742cc66c1b/latex/macros.tex) (c:/texlive/2019/texmf-dist/tex/latex/glossaries/base/glossaries.sty
Package: glossaries 2019/01/06 v4.42 (NLCT)
 (c:/texlive/2019/texmf-dist/tex/latex/xkeyval/xkeyval.sty
Package: xkeyval 2014/12/03 v2.7a package option processing (HA)
 (c:/texlive/2019/texmf-dist/tex/generic/xkeyval/xkeyval.tex (c:/texlive/2019/texmf-dist/tex/generic/xkeyval/xkvutils.tex
\XKV@toks=\toks47
\XKV@tempa@toks=\toks48
)
\XKV@depth=\count161
File: xkeyval.tex 2014/12/03 v2.7a key=value parser (HA)
)) (c:/texlive/2019/texmf-dist/tex/latex/mfirstuc/mfirstuc.sty
Package: mfirstuc 2017/11/14 v2.06 (NLCT)
 (c:/texlive/2019/texmf-dist/tex/latex/etoolbox/etoolbox.sty
Package: etoolbox 2018/08/19 v2.5f e-TeX tools for LaTeX (JAW)
\etb@tempcnta=\count162
)
\@glsmfirst=\toks49
\@glsmrest=\toks50
) (c:/texlive/2019/texmf-dist/tex/latex/textcase/textcase.sty
Package: textcase 2004/10/07 v0.07 Text only upper/lower case changing (DPC)
) (c:/texlive/2019/texmf-dist/tex/latex/xfor/xfor.sty
Package: xfor 2009/02/05 v1.05 (NLCT)
) (c:/texlive/2019/texmf-dist/tex/latex/datatool/datatool-base.sty
Package: datatool-base 2018/12/07 v2.31 (NLCT)
 (c:/texlive/2019/texmf-dist/tex/latex/substr/substr.sty
Package: substr 2009/10/20 v1.2 Handle substrings
\c@su@anzahl=\count163
) (c:/texlive/2019/texmf-dist/tex/latex/datatool/datatool-fp.sty
Package: datatool-fp 2018/12/07 v2.31 (NLCT)
 (c:/texlive/2019/texmf-dist/tex/latex/fp/fp.sty
Package: fp 1995/04/02
 `Fixed Point Package', Version 0.8, April 2, 1995 (C) Michael Mehlich (c:/texlive/2019/texmf-dist/tex/latex/fp/defpattern.sty
Package: defpattern 1994/10/12
\actioncount=\count164
) (c:/texlive/2019/texmf-dist/tex/latex/fp/fp-basic.sty
Package: fp-basic 1996/05/13
\FP@xs=\count165
\FP@xia=\count166
\FP@xib=\count167
\FP@xfa=\count168
\FP@xfb=\count169
\FP@rega=\count170
\FP@regb=\count171
\FP@regs=\count172
\FP@times=\count173
) (c:/texlive/2019/texmf-dist/tex/latex/fp/fp-addons.sty
Package: fp-addons 1995/03/15
) (c:/texlive/2019/texmf-dist/tex/latex/fp/fp-snap.sty
Package: fp-snap 1995/04/05
) (c:/texlive/2019/texmf-dist/tex/latex/fp/fp-exp.sty
Package: fp-exp 1995/04/03
) (c:/texlive/2019/texmf-dist/tex/latex/fp/fp-trigo.sty
Package: fp-trigo 1995/04/14
) (c:/texlive/2019/texmf-dist/tex/latex/fp/fp-pas.sty
Package: fp-pas 1994/08/29
) (c:/texlive/2019/texmf-dist/tex/latex/fp/fp-random.sty
Package: fp-random 1995/02/23
\FPseed=\count174
) (c:/texlive/2019/texmf-dist/tex/latex/fp/fp-eqn.sty
Package: fp-eqn 1995/04/03
) (c:/texlive/2019/texmf-dist/tex/latex/fp/fp-upn.sty
Package: fp-upn 1996/10/21
) (c:/texlive/2019/texmf-dist/tex/latex/fp/fp-eval.sty
Package: fp-eval 1995/04/03
)))
\@dtl@toks=\toks51
\@dtl@tmpcount=\count175
\dtl@tmplength=\skip63
\dtl@sortresult=\count176
\@dtl@numgrpsepcount=\count177
\@dtl@datatype=\count178
\dtl@codeA=\count179
\dtl@codeB=\count180
\@dtl@foreach@level=\count181
) (c:/texlive/2019/texmf-dist/tex/latex/glossaries/base/glossaries-compatible-307.sty
Package: glossaries-compatible-307 2019/01/06 v4.42 (NLCT)
) (c:/texlive/2019/texmf-dist/tex/latex/tracklang/tracklang.sty
Package: tracklang 2018/05/13 v1.3.6 (NLCT) Track Languages
 (c:/texlive/2019/texmf-dist/tex/generic/tracklang/tracklang.tex)) (c:/texlive/2019/texmf-dist/tex/latex/translator/translator.sty
Package: translator 2019-05-31 v1.12a Easy translation of strings in LaTeX
) (c:/texlive/2019/texmf-dist/tex/latex/glossaries-french/glossaries-french.ldf
File: glossaries-french.ldf 2016/12/12 v1.1
)
\gls@level=\count182
\@gls@tmpb=\toks52
\gls@tmplen=\skip64
\glskeylisttok=\toks53
\glslabeltok=\toks54
\glsshorttok=\toks55
\glslongtok=\toks56
 (c:/texlive/2019/texmf-dist/tex/latex/glossaries/styles/glossary-hypernav.sty
Package: glossary-hypernav 2019/01/06 v4.42 (NLCT)
) (c:/texlive/2019/texmf-dist/tex/latex/glossaries/styles/glossary-list.sty
Package: glossary-list 2019/01/06 v4.42 (NLCT)
\glslistdottedwidth=\skip65
) (c:/texlive/2019/texmf-dist/tex/latex/glossaries/styles/glossary-long.sty
Package: glossary-long 2019/01/06 v4.42 (NLCT)
 (c:/texlive/2019/texmf-dist/tex/latex/tools/longtable.sty
Package: longtable 2014/10/28 v4.11 Multi-page Table package (DPC)+ FMi change
\LTleft=\skip66
\LTright=\skip67
\LTpre=\skip68
\LTpost=\skip69
\LTchunksize=\count183
\LTcapwidth=\dimen257
\LT@head=\box71
\LT@firsthead=\box72
\LT@foot=\box73
\LT@lastfoot=\box74
\LT@cols=\count184
\LT@rows=\count185
\c@LT@tables=\count186
\c@LT@chunks=\count187
\LT@p@ftn=\toks57
)
\glsdescwidth=\skip70
\glspagelistwidth=\skip71
) (c:/texlive/2019/texmf-dist/tex/latex/glossaries/styles/glossary-super.sty
Package: glossary-super 2019/01/06 v4.42 (NLCT)
 (c:/texlive/2019/texmf-dist/tex/latex/supertabular/supertabular.sty
Package: supertabular 2004/02/20 v4.1e the supertabular environment
\c@tracingst=\count188
\ST@wd=\dimen258
\ST@rightskip=\skip72
\ST@leftskip=\skip73
\ST@parfillskip=\skip74
\ST@pageleft=\dimen259
\ST@headht=\dimen260
\ST@tailht=\dimen261
\ST@pagesofar=\dimen262
\ST@pboxht=\dimen263
\ST@lineht=\dimen264
\ST@stretchht=\dimen265
\ST@prevht=\dimen266
\ST@toadd=\dimen267
\ST@dimen=\dimen268
\ST@pbox=\box75
)) (c:/texlive/2019/texmf-dist/tex/latex/glossaries/styles/glossary-tree.sty
Package: glossary-tree 2019/01/06 v4.42 (NLCT)
\glstreeindent=\skip75
))
\glswrite=\write6
\glo@acronym@file=\write7
\openout7 = `00_coquille.acn'.

Package glossaries Info: Writing glossary file 00_coquille.acn on input line 41.
 (g:/011_UQAM/00_MAITRISE/5ca218ab4c4081742cc66c1b/00_coquille.aux)
\openout1 = `00_coquille.aux'.

LaTeX Font Info:    Checking defaults for OML/cmm/m/it on input line 50.
LaTeX Font Info:    ... okay on input line 50.
LaTeX Font Info:    Checking defaults for T1/cmr/m/n on input line 50.
LaTeX Font Info:    ... okay on input line 50.
LaTeX Font Info:    Checking defaults for OT1/cmr/m/n on input line 50.
LaTeX Font Info:    ... okay on input line 50.
LaTeX Font Info:    Checking defaults for OMS/cmsy/m/n on input line 50.
LaTeX Font Info:    ... okay on input line 50.
LaTeX Font Info:    Checking defaults for OMX/cmex/m/n on input line 50.
LaTeX Font Info:    ... okay on input line 50.
LaTeX Font Info:    Checking defaults for U/cmr/m/n on input line 50.
LaTeX Font Info:    ... okay on input line 50.
LaTeX Font Info:    Checking defaults for PD1/pdf/m/n on input line 50.
LaTeX Font Info:    ... okay on input line 50.
 (c:/texlive/2019/texmf-dist/tex/context/base/mkii/supp-pdf.mkii
[Loading MPS to PDF converter (version 2006.09.02).]
\scratchcounter=\count189
\scratchdimen=\dimen269
\scratchbox=\box76
\nofMPsegments=\count190
\nofMParguments=\count191
\everyMPshowfont=\toks58
\MPscratchCnt=\count192
\MPscratchDim=\dimen270
\MPnumerator=\count193
\makeMPintoPDFobject=\count194
\everyMPtoPDFconversion=\toks59
) (c:/texlive/2019/texmf-dist/tex/latex/oberdiek/epstopdf-base.sty
Package: epstopdf-base 2016/05/15 v2.6 Base part for package epstopdf
 (c:/texlive/2019/texmf-dist/tex/latex/oberdiek/grfext.sty
Package: grfext 2016/05/16 v1.2 Manage graphics extensions (HO)
)
Package epstopdf-base Info: Redefining graphics rule for `.eps' on input line 438.
Package grfext Info: Graphics extension search list:
(grfext)             [.pdf,.png,.jpg,.mps,.jpeg,.jbig2,.jb2,.PDF,.PNG,.JPG,.JPEG,.JBIG2,.JB2,.eps]
(grfext)             \AppendGraphicsExtensions on input line 456.
 (c:/texlive/2019/texmf-dist/tex/latex/latexconfig/epstopdf-sys.cfg
File: epstopdf-sys.cfg 2010/07/13 v1.3 Configuration of (r)epstopdf for TeX Live
))
LaTeX Info: Redefining \degres on input line 50.
LaTeX Info: Redefining \dots on input line 50.
Package french.ldf Info: Setting StandardItemizeEnv=true for
(french.ldf)             compatibility with enumitem package,
(french.ldf)             reported on input line 50.
Package french.ldf Info: Setting StandardEnumerateEnv=true for
(french.ldf)             compatibility with enumitem package,
(french.ldf)             reported on input line 50.
LaTeX Info: Redefining \up on input line 50.
 ABD: EveryShipout initializing macros
\AtBeginShipoutBox=\box77
Package hyperref Info: Link coloring OFF on input line 50.
 (c:/texlive/2019/texmf-dist/tex/latex/hyperref/nameref.sty
Package: nameref 2016/05/21 v2.44 Cross-referencing by name of section
 (c:/texlive/2019/texmf-dist/tex/generic/oberdiek/gettitlestring.sty
Package: gettitlestring 2016/05/16 v1.5 Cleanup title references (HO)
)
\c@section@level=\count195
)
LaTeX Info: Redefining \ref on input line 50.
LaTeX Info: Redefining \pageref on input line 50.
LaTeX Info: Redefining \nameref on input line 50.
\@outlinefile=\write8
\openout8 = `00_coquille.out'.

Package caption Info: Begin \AtBeginDocument code.
Package caption Info: longtable package is loaded.
 (c:/texlive/2019/texmf-dist/tex/latex/caption/ltcaption.sty
Package: ltcaption 2018/08/26 v1.4-95 longtable captions (AR)
)
Package caption Info: supertabular package is loaded.
Package caption Info: End \AtBeginDocument code.
 (g:/011_UQAM/00_MAITRISE/5ca218ab4c4081742cc66c1b/00_coquille.glsdefs) [1

\openout6 = `00_coquille.ist'.

{c:/texlive/2019/texmf-var/fonts/map/pdftex/updmap/pdftex.map}] [2

]
\tf@toc=\write9
\openout9 = `00_coquille.toc'.

 [3] [4

]

Package hyperref Warning: Token not allowed in a PDF string (PDFDocEncoding):
(hyperref)                removing `\uppercase' on input line 84.

\tf@lof=\write10
\openout10 = `00_coquille.lof'.

[5] [6

]

Package hyperref Warning: Token not allowed in a PDF string (PDFDocEncoding):
(hyperref)                removing `\uppercase' on input line 85.

\tf@lot=\write11
\openout11 = `00_coquille.lot'.

[7]
\openout2 = `01_lim/04_abreviations.aux'.

 (g:/011_UQAM/00_MAITRISE/5ca218ab4c4081742cc66c1b/01_lim/04_abreviations.tex
\@gls@deffile=\write12
\openout12 = `00_coquille.glsdefs'.


No file 00_coquille.acr.
) [8

]
\openout2 = `01_lim/05_abstract.aux'.

 (g:/011_UQAM/00_MAITRISE/5ca218ab4c4081742cc66c1b/01_lim/05_abstract.tex

Package hyperref Warning: Token not allowed in a PDF string (PDFDocEncoding):
(hyperref)                removing `\uppercase' on input line 1.

) [9



]
\openout2 = `02_cor/06_introduction.aux'.

 (g:/011_UQAM/00_MAITRISE/5ca218ab4c4081742cc66c1b/02_cor/06_introduction.tex [10



]

Package hyperref Warning: Token not allowed in a PDF string (PDFDocEncoding):
(hyperref)                removing `\uppercase' on input line 1.


Underfull \hbox (badness 10000) in paragraph at lines 3--9

 []

)pdfTeX warning (ext4): destination with the same identifier (name{page.1}) has been already used, duplicate ignored
<to be read again> 
                   \relax 
l.95 \include{02_cor/06_introduction}
                                      [1]
\openout2 = `02_cor/07_problematique.aux'.

 (g:/011_UQAM/00_MAITRISE/5ca218ab4c4081742cc66c1b/02_cor/07_problematique.tex [2



]
Chapitre 1.

Package hyperref Warning: Token not allowed in a PDF string (PDFDocEncoding):
(hyperref)                removing `\uppercase' on input line 1.

<10_img/production_stages.png, id=62, 465.23813pt x 146.79843pt>
File: 10_img/production_stages.png Graphic file (type png)
<use 10_img/production_stages.png>
Package pdftex.def Info: 10_img/production_stages.png  used on input line 8.
(pdftex.def)             Requested size: 398.33858pt x 125.69315pt.

LaTeX Warning: Reference `fig.etapes' on page 3 undefined on input line 13.

[3 <g:/011_UQAM/00_MAITRISE/5ca218ab4c4081742cc66c1b/10_img/production_stages.png>] [4] [5] [6]

Package natbib Warning: Citation `ParmentierGuy2009Iecd' on page 7 undefined on input line 69.


Underfull \vbox (badness 3525) has occurred while \output is active []

 [7]

Package natbib Warning: Citation `UnrealEngine' on page 8 undefined on input line 78.


Package natbib Warning: Citation `UnityEngine' on page 8 undefined on input line 79.


Package natbib Warning: Citation `CryEngine' on page 8 undefined on input line 80.


Package natbib Warning: Citation `FrostbiteEngine' on page 8 undefined on input line 81.

[8] [9]

Package natbib Warning: Citation `HeintzStephanie2015TGGM' on page 10 undefined on input line 105.

[10]

Package natbib Warning: Citation `ReferenceBibliographique' on page 11 undefined on input line 119.


Underfull \vbox (badness 10000) has occurred while \output is active []

 [11]

Package natbib Warning: Citation `GD_foundations_pedersen' on page 12 undefined on input line 137.


Underfull \vbox (badness 10000) has occurred while \output is active []

 [12]) [13]
\openout2 = `02_cor/08_GDD.aux'.

 (g:/011_UQAM/00_MAITRISE/5ca218ab4c4081742cc66c1b/02_cor/08_GDD.tex [14



]
Chapitre 2.

Package hyperref Warning: Token not allowed in a PDF string (PDFDocEncoding):
(hyperref)                removing `\uppercase' on input line 1.


Package natbib Warning: Citation `GD_theory_rouse' on page 15 undefined on input line 10.


Package natbib Warning: Citation `LevelUpRogers2014' on page 15 undefined on input line 10.


Package natbib Warning: Citation `onepage_librande' on page 15 undefined on input line 12.


Underfull \vbox (badness 10000) has occurred while \output is active []

 [15]
Underfull \hbox (badness 10000) in paragraph at lines 19--25

 []


Package natbib Warning: Citation `onepage_librande' on page 16 undefined on input line 29.


Package hyperref Warning: Token not allowed in a PDF string (PDFDocEncoding):
(hyperref)                removing `\begingroup' on input line 29.


Package hyperref Warning: Token not allowed in a PDF string (PDFDocEncoding):
(hyperref)                removing `\<let>-command' on input line 29.


Package hyperref Warning: Token not allowed in a PDF string (PDFDocEncoding):
(hyperref)                removing `\NAT@ctype' on input line 29.


Package hyperref Warning: Token not allowed in a PDF string (PDFDocEncoding):
(hyperref)                removing `\z@' on input line 29.


Package hyperref Warning: Token not allowed in a PDF string (PDFDocEncoding):
(hyperref)                removing `\let' on input line 29.


Package hyperref Warning: Token not allowed in a PDF string (PDFDocEncoding):
(hyperref)                removing `\let' on input line 29.


Package hyperref Warning: Token not allowed in a PDF string (PDFDocEncoding):
(hyperref)                removing `\new@ifnextchar' on input line 29.


Package hyperref Warning: Token not allowed in a PDF string (PDFDocEncoding):
(hyperref)                removing `subscript' on input line 29.


Package natbib Warning: Citation `onepage_librande' on page 16 undefined on input line 39.


Package natbib Warning: Citation `LevelUpRogers2014' on page 16 undefined on input line 40.


Underfull \vbox (badness 10000) has occurred while \output is active []

 [16]
Overfull \hbox (11.58699pt too wide) in paragraph at lines 49--50
[][]\T1/cmr/m/n/10 [[(Guy T.) Pas clair que c'est une autre pro-po-si-tion --- Li-brande vs. Ro-gers ! ? A cla-ri-fier/expliciter !]][] 
 []


Package natbib Warning: Citation `onepage_librande' on page 17 undefined on input line 60.


Package natbib Warning: Citation `LevelUpRogers2014' on page 17 undefined on input line 73.


Package hyperref Warning: Token not allowed in a PDF string (PDFDocEncoding):
(hyperref)                removing `\begingroup' on input line 73.


Package hyperref Warning: Token not allowed in a PDF string (PDFDocEncoding):
(hyperref)                removing `\<let>-command' on input line 73.


Package hyperref Warning: Token not allowed in a PDF string (PDFDocEncoding):
(hyperref)                removing `\NAT@ctype' on input line 73.


Package hyperref Warning: Token not allowed in a PDF string (PDFDocEncoding):
(hyperref)                removing `\z@' on input line 73.


Package hyperref Warning: Token not allowed in a PDF string (PDFDocEncoding):
(hyperref)                removing `\let' on input line 73.


Package hyperref Warning: Token not allowed in a PDF string (PDFDocEncoding):
(hyperref)                removing `\let' on input line 73.


Package hyperref Warning: Token not allowed in a PDF string (PDFDocEncoding):
(hyperref)                removing `\new@ifnextchar' on input line 73.


Package natbib Warning: Citation `LevelUpRogers2014' on page 17 undefined on input line 76.

[17]
LaTeX Font Info:    Try loading font information for U+msa on input line 90.
 (c:/texlive/2019/texmf-dist/tex/latex/amsfonts/umsa.fd
File: umsa.fd 2013/01/14 v3.01 AMS symbols A
)
LaTeX Font Info:    Try loading font information for U+msb on input line 90.
 (c:/texlive/2019/texmf-dist/tex/latex/amsfonts/umsb.fd
File: umsb.fd 2013/01/14 v3.01 AMS symbols B
) [18]

Package natbib Warning: Citation `GD_foundations_pedersen' on page 19 undefined on input line 119.

[19]

Package natbib Warning: Citation `LevelUpRogers2014' on page 20 undefined on input line 177.


Package natbib Warning: Citation `LevelUpRogers2014' on page 20 undefined on input line 177.


Package natbib Warning: Citation `LevelUpRogers2014' on page 20 undefined on input line 219.


Package natbib Warning: Citation `LevelUpRogers2014' on page 20 undefined on input line 219.


Package natbib Warning: Citation `LevelUpRogers2014' on page 20 undefined on input line 223.


LaTeX Warning: Reference `ten-pager.table' on page 20 undefined on input line 223.


Package natbib Warning: Citation `GD_foundations_pedersen' on page 20 undefined on input line 247.


Package natbib Warning: Citation `LevelUpRogers2014' on page 20 undefined on input line 247.


Underfull \vbox (badness 10000) has occurred while \output is active []

 [20] [21] [22]

Package natbib Warning: Citation `gama_greateGDD' on page 23 undefined on input line 255.


Package natbib Warning: Citation `GDD_software' on page 23 undefined on input line 275.


Package natbib Warning: Citation `multiview' on page 23 undefined on input line 275.


Package natbib Warning: Citation `GDD_GDProject' on page 23 undefined on input line 275.


Package natbib Warning: Citation `gama_greateGDD' on page 23 undefined on input line 275.

[23]

Package natbib Warning: Citation `onepage_librande' on page 24 undefined on input line 277.


Package natbib Warning: Citation `GD_Guidelines' on page 24 undefined on input line 279.


Package natbib Warning: Citation `gama_greateGDD' on page 24 undefined on input line 281.


Package natbib Warning: Citation `GD_theory_rouse' on page 24 undefined on input line 283.


Underfull \vbox (badness 10000) has occurred while \output is active []

 [24] [25]) [26]
\openout2 = `02_cor/09_MDA.aux'.

 (g:/011_UQAM/00_MAITRISE/5ca218ab4c4081742cc66c1b/02_cor/09_MDA.tex
Chapitre 3.

Package hyperref Warning: Token not allowed in a PDF string (PDFDocEncoding):
(hyperref)                removing `\uppercase' on input line 1.


Package natbib Warning: Citation `MDA_formal' on page 27 undefined on input line 9.


Package natbib Warning: Citation `MDA_formal' on page 27 undefined on input line 9.


LaTeX Warning: Reference `fig:mda' on page 27 undefined on input line 9.

<10_img/chap3/mda.png, id=216, 465.4188pt x 104.0688pt>
File: 10_img/chap3/mda.png Graphic file (type png)
<use 10_img/chap3/mda.png>
Package pdftex.def Info: 10_img/chap3/mda.png  used on input line 12.
(pdftex.def)             Requested size: 398.33858pt x 89.07025pt.

Package natbib Warning: Citation `MDA_formal' on page 27 undefined on input line 13.


Package natbib Warning: Citation `MDA_formal' on page 27 undefined on input line 13.

[27



]

Package natbib Warning: Citation `GAMA_MDA' on page 28 undefined on input line 30.

[28 <g:/011_UQAM/00_MAITRISE/5ca218ab4c4081742cc66c1b/10_img/chap3/mda.png>]

Package natbib Warning: Citation `MDA_formal' on page 29 undefined on input line 36.

<10_img/chap3/dpe.png, id=233, 465.4188pt x 90.0966pt>
File: 10_img/chap3/dpe.png Graphic file (type png)
<use 10_img/chap3/dpe.png>
Package pdftex.def Info: 10_img/chap3/dpe.png  used on input line 59.
(pdftex.def)             Requested size: 284.52756pt x 55.07982pt.

Package natbib Warning: Citation `Winn2011' on page 29 undefined on input line 60.


Package natbib Warning: Citation `Winn2011' on page 29 undefined on input line 60.


Underfull \vbox (badness 2213) has occurred while \output is active []

 [29]

LaTeX Warning: Reference `fig.dpe' on page 30 undefined on input line 64.


LaTeX Warning: Reference `fig.dpe_extended' on page 30 undefined on input line 64.


Package natbib Warning: Citation `Winn2011' on page 30 undefined on input line 64.

<10_img/chap3/dpe_extended.png, id=240, 497.6994pt x 226.9278pt>
File: 10_img/chap3/dpe_extended.png Graphic file (type png)
<use 10_img/chap3/dpe_extended.png>
Package pdftex.def Info: 10_img/chap3/dpe_extended.png  used on input line 69.
(pdftex.def)             Requested size: 398.33858pt x 181.62558pt.

Package natbib Warning: Citation `Winn2011' on page 30 undefined on input line 70.


Package natbib Warning: Citation `Winn2011' on page 30 undefined on input line 70.


LaTeX Warning: Reference `fig.dpe_iteratif' on page 30 undefined on input line 75.


Package natbib Warning: Citation `Salen2013' on page 30 undefined on input line 75.

[30 <g:/011_UQAM/00_MAITRISE/5ca218ab4c4081742cc66c1b/10_img/chap3/dpe.png> <g:/011_UQAM/00_MAITRISE/5ca218ab4c4081742cc66c1b/10_img/chap3/dpe_extended.png>]
<10_img/chap3/iteration_prototype.png, id=252, 292.4526pt x 134.4222pt>
File: 10_img/chap3/iteration_prototype.png Graphic file (type png)
<use 10_img/chap3/iteration_prototype.png>
Package pdftex.def Info: 10_img/chap3/iteration_prototype.png  used on input line 79.
(pdftex.def)             Requested size: 227.62204pt x 104.62737pt.


Package natbib Warning: Citation `Winn2011' on page 31 undefined on input line 80.


Package natbib Warning: Citation `Winn2011' on page 31 undefined on input line 80.


Package natbib Warning: Citation `DDE' on page 31 undefined on input line 88.


Package hyperref Warning: Token not allowed in a PDF string (PDFDocEncoding):
(hyperref)                removing `\begingroup' on input line 88.


Package hyperref Warning: Token not allowed in a PDF string (PDFDocEncoding):
(hyperref)                removing `\<let>-command' on input line 88.


Package hyperref Warning: Token not allowed in a PDF string (PDFDocEncoding):
(hyperref)                removing `\NAT@ctype' on input line 88.


Package hyperref Warning: Token not allowed in a PDF string (PDFDocEncoding):
(hyperref)                removing `\z@' on input line 88.


Package hyperref Warning: Token not allowed in a PDF string (PDFDocEncoding):
(hyperref)                removing `\let' on input line 88.


Package hyperref Warning: Token not allowed in a PDF string (PDFDocEncoding):
(hyperref)                removing `\let' on input line 88.


Package hyperref Warning: Token not allowed in a PDF string (PDFDocEncoding):
(hyperref)                removing `\new@ifnextchar' on input line 88.


LaTeX Warning: Reference `fig.dde' on page 31 undefined on input line 92.


Package natbib Warning: Citation `DDE' on page 31 undefined on input line 92.

<10_img/chap3/dde.png, id=254, 464.937pt x 67.452pt>
File: 10_img/chap3/dde.png Graphic file (type png)
<use 10_img/chap3/dde.png>
Package pdftex.def Info: 10_img/chap3/dde.png  used on input line 96.
(pdftex.def)             Requested size: 284.52756pt x 41.28047pt.

Package natbib Warning: Citation `DDE' on page 31 undefined on input line 97.


Package natbib Warning: Citation `DDE' on page 31 undefined on input line 97.


Underfull \vbox (badness 10000) has occurred while \output is active []

 [31 <g:/011_UQAM/00_MAITRISE/5ca218ab4c4081742cc66c1b/10_img/chap3/iteration_prototype.png>]

LaTeX Warning: Reference `fig.dde_extended' on page 32 undefined on input line 102.

<10_img/chap3/dde_extended_modif.png, id=263, 367.1316pt x 381.1038pt>
File: 10_img/chap3/dde_extended_modif.png Graphic file (type png)
<use 10_img/chap3/dde_extended_modif.png>
Package pdftex.def Info: 10_img/chap3/dde_extended_modif.png  used on input line 106.
(pdftex.def)             Requested size: 369.88582pt x 383.96391pt.

Package natbib Warning: Citation `DDE' on page 32 undefined on input line 107.


Package natbib Warning: Citation `DDE' on page 32 undefined on input line 107.

[32 <g:/011_UQAM/00_MAITRISE/5ca218ab4c4081742cc66c1b/10_img/chap3/dde.png> <g:/011_UQAM/00_MAITRISE/5ca218ab4c4081742cc66c1b/10_img/chap3/dde_extended_modif.png>]
Underfull \vbox (badness 7925) has occurred while \output is active []

 [33]

Package natbib Warning: Citation `GAMA_MDA' on page 34 undefined on input line 140.

[34]) [35]
\openout2 = `02_cor/10_UMLprofile.aux'.

 (g:/011_UQAM/00_MAITRISE/5ca218ab4c4081742cc66c1b/02_cor/10_UMLprofile.tex [36



]
Chapitre 4.

Package hyperref Warning: Token not allowed in a PDF string (PDFDocEncoding):
(hyperref)                removing `\uppercase' on input line 1.

) [37]
\openout2 = `02_cor/11_plan_recherche.aux'.

 (g:/011_UQAM/00_MAITRISE/5ca218ab4c4081742cc66c1b/02_cor/11_plan_recherche.tex [38



]
Chapitre 5.

Package hyperref Warning: Token not allowed in a PDF string (PDFDocEncoding):
(hyperref)                removing `\uppercase' on input line 1.

Excluding 'comment' comment.) [39]
\openout2 = `02_cor/12_resultats.aux'.

 (g:/011_UQAM/00_MAITRISE/5ca218ab4c4081742cc66c1b/02_cor/12_resultats.tex [40



]
Chapitre 6.

Package hyperref Warning: Token not allowed in a PDF string (PDFDocEncoding):
(hyperref)                removing `\uppercase' on input line 1.


Package natbib Warning: Citation `wikipubg' on page 41 undefined on input line 3.


Package hyperref Warning: Token not allowed in a PDF string (PDFDocEncoding):
(hyperref)                removing `\begingroup' on input line 3.


Package hyperref Warning: Token not allowed in a PDF string (PDFDocEncoding):
(hyperref)                removing `\<let>-command' on input line 3.


Package hyperref Warning: Token not allowed in a PDF string (PDFDocEncoding):
(hyperref)                removing `\NAT@ctype' on input line 3.


Package hyperref Warning: Token not allowed in a PDF string (PDFDocEncoding):
(hyperref)                removing `\z@' on input line 3.


Package hyperref Warning: Token not allowed in a PDF string (PDFDocEncoding):
(hyperref)                removing `\let' on input line 3.


Package hyperref Warning: Token not allowed in a PDF string (PDFDocEncoding):
(hyperref)                removing `\let' on input line 3.


Package hyperref Warning: Token not allowed in a PDF string (PDFDocEncoding):
(hyperref)                removing `\new@ifnextchar' on input line 3.


Underfull \vbox (badness 7468) has occurred while \output is active []

 [41]
Underfull \vbox (badness 10000) has occurred while \output is active []

 [42]
Underfull \vbox (badness 2698) has occurred while \output is active []

 [43]
Overfull \hbox (85.3126pt too wide) in paragraph at lines 22--26
[]\T1/cmr/m/n/12 Donnes dif-fi-ciles  ob-te-nir de fa-on fiable. In-for-ma-tiosn ex-traites de https ://pubg.gamepedia.com/
 []

<10_img/chap6/root(stereotypes).PNG, id=334, 723.45282pt x 544.28343pt>
File: 10_img/chap6/root(stereotypes).PNG Graphic file (type png)
<use 10_img/chap6/root(stereotypes).PNG>
Package pdftex.def Info: 10_img/chap6/root(stereotypes).PNG  used on input line 32.
(pdftex.def)             Requested size: 398.33858pt x 299.68901pt.

Underfull \vbox (badness 10000) has occurred while \output is active []

 [44]
<10_img/chap6/weapons.PNG, id=342, 342.5297pt x 496.10344pt>
File: 10_img/chap6/weapons.PNG Graphic file (type png)
<use 10_img/chap6/weapons.PNG>
Package pdftex.def Info: 10_img/chap6/weapons.PNG  used on input line 43.
(pdftex.def)             Requested size: 284.52756pt x 412.1291pt.

Underfull \vbox (badness 10000) has occurred while \output is active []

 [45 <g:/011_UQAM/00_MAITRISE/5ca218ab4c4081742cc66c1b/10_img/chap6/root(stereotypes).PNG>]
<10_img/chap6/attachments_stocks.PNG, id=350, 855.94781pt x 491.58656pt>
File: 10_img/chap6/attachments_stocks.PNG Graphic file (type png)
<use 10_img/chap6/attachments_stocks.PNG>
Package pdftex.def Info: 10_img/chap6/attachments_stocks.PNG  used on input line 49.
(pdftex.def)             Requested size: 398.33858pt x 228.7729pt.

Underfull \vbox (badness 10000) has occurred while \output is active []

 [46 <g:/011_UQAM/00_MAITRISE/5ca218ab4c4081742cc66c1b/10_img/chap6/weapons.PNG>]
<10_img/chap6/ammunitions.PNG, id=358, 1115.66812pt x 313.9228pt>
File: 10_img/chap6/ammunitions.PNG Graphic file (type png)
<use 10_img/chap6/ammunitions.PNG>
Package pdftex.def Info: 10_img/chap6/ammunitions.PNG  used on input line 55.
(pdftex.def)             Requested size: 284.52756pt x 80.05643pt.
<10_img/chap6/Kar98k_stock_ammunition_links.PNG, id=359, 709.14937pt x 575.90157pt>
File: 10_img/chap6/Kar98k_stock_ammunition_links.PNG Graphic file (type png)
<use 10_img/chap6/Kar98k_stock_ammunition_links.PNG>
Package pdftex.def Info: 10_img/chap6/Kar98k_stock_ammunition_links.PNG  used on input line 65.
(pdftex.def)             Requested size: 398.33858pt x 323.49567pt.

Underfull \vbox (badness 10000) has occurred while \output is active []

 [47 <g:/011_UQAM/00_MAITRISE/5ca218ab4c4081742cc66c1b/10_img/chap6/attachments_stocks.PNG> <g:/011_UQAM/00_MAITRISE/5ca218ab4c4081742cc66c1b/10_img/chap6/ammunitions.PNG>]
<10_img/chap6/M416_stock_ammunition_links.PNG, id=368, 593.96906pt x 574.39594pt>
File: 10_img/chap6/M416_stock_ammunition_links.PNG Graphic file (type png)
<use 10_img/chap6/M416_stock_ammunition_links.PNG>
Package pdftex.def Info: 10_img/chap6/M416_stock_ammunition_links.PNG  used on input line 72.
(pdftex.def)             Requested size: 398.33858pt x 385.22891pt.

Underfull \vbox (badness 10000) has occurred while \output is active []

 [48 <g:/011_UQAM/00_MAITRISE/5ca218ab4c4081742cc66c1b/10_img/chap6/Kar98k_stock_ammunition_links.PNG>]
<10_img/chap6/interacts.PNG, id=375, 786.68906pt x 360.59718pt>
File: 10_img/chap6/interacts.PNG Graphic file (type png)
<use 10_img/chap6/interacts.PNG>
Package pdftex.def Info: 10_img/chap6/interacts.PNG  used on input line 79.
(pdftex.def)             Requested size: 284.52756pt x 130.42014pt.

Underfull \vbox (badness 10000) has occurred while \output is active []

 [49 <g:/011_UQAM/00_MAITRISE/5ca218ab4c4081742cc66c1b/10_img/chap6/M416_stock_ammunition_links.PNG>] Excluding 'comment' comment.) [50 <g:/011_UQAM/00_MAITRISE/5ca218ab4c4081742cc66c1b/10_img/chap6/interacts.PNG>]
\openout2 = `02_cor/13_conclusion.aux'.

 (g:/011_UQAM/00_MAITRISE/5ca218ab4c4081742cc66c1b/02_cor/13_conclusion.tex) [51



]
\openout2 = `02_cor/20_annexe1_profile.aux'.

 (g:/011_UQAM/00_MAITRISE/5ca218ab4c4081742cc66c1b/02_cor/20_annexe1_profile.tex [52



]
\MakeUppercase {APPENDICE}  A.

Package hyperref Warning: Token not allowed in a PDF string (PDFDocEncoding):
(hyperref)                removing `\uppercase' on input line 2.

<10_img/chap5/01_00_item.PNG, id=403, 966.61125pt x 215.30438pt>
File: 10_img/chap5/01_00_item.PNG Graphic file (type png)
<use 10_img/chap5/01_00_item.PNG>
Package pdftex.def Info: 10_img/chap5/01_00_item.PNG  used on input line 7.
(pdftex.def)             Requested size: 398.33858pt x 88.72545pt.
<10_img/chap5/01_01_wearable.PNG, id=404, 875.52094pt x 205.5178pt>
File: 10_img/chap5/01_01_wearable.PNG Graphic file (type png)
<use 10_img/chap5/01_01_wearable.PNG>
Package pdftex.def Info: 10_img/chap5/01_01_wearable.PNG  used on input line 12.
(pdftex.def)             Requested size: 398.33858pt x 93.50447pt.
<10_img/chap5/01_01_01_weapon.PNG, id=405, 1216.545pt x 300.3722pt>
File: 10_img/chap5/01_01_01_weapon.PNG Graphic file (type png)
<use 10_img/chap5/01_01_01_weapon.PNG>
Package pdftex.def Info: 10_img/chap5/01_01_01_weapon.PNG  used on input line 17.
(pdftex.def)             Requested size: 398.33858pt x 98.34854pt.
<10_img/chap5/01_01_02_equipment.PNG, id=406, 804.00375pt x 272.51813pt>
File: 10_img/chap5/01_01_02_equipment.PNG Graphic file (type png)
<use 10_img/chap5/01_01_02_equipment.PNG>
Package pdftex.def Info: 10_img/chap5/01_01_02_equipment.PNG  used on input line 22.
(pdftex.def)             Requested size: 398.33858pt x 135.0154pt.

Underfull \vbox (badness 10000) has occurred while \output is active []

 [53 <g:/011_UQAM/00_MAITRISE/5ca218ab4c4081742cc66c1b/10_img/chap5/01_00_item.PNG> <g:/011_UQAM/00_MAITRISE/5ca218ab4c4081742cc66c1b/10_img/chap5/01_01_wearable.PNG>]
<10_img/chap5/01_01_03_jewerly.PNG, id=417, 584.93532pt x 181.42781pt>
File: 10_img/chap5/01_01_03_jewerly.PNG Graphic file (type png)
<use 10_img/chap5/01_01_03_jewerly.PNG>
Package pdftex.def Info: 10_img/chap5/01_01_03_jewerly.PNG  used on input line 27.
(pdftex.def)             Requested size: 398.33858pt x 123.55475pt.
<10_img/chap5/01_01_04_tool.PNG, id=418, 584.93532pt x 179.92218pt>
File: 10_img/chap5/01_01_04_tool.PNG Graphic file (type png)
<use 10_img/chap5/01_01_04_tool.PNG>
Package pdftex.def Info: 10_img/chap5/01_01_04_tool.PNG  used on input line 32.
(pdftex.def)             Requested size: 398.33858pt x 122.5294pt.
<10_img/chap5/01_03_addon.PNG, id=419, 607.51968pt x 164.11313pt>
File: 10_img/chap5/01_03_addon.PNG Graphic file (type png)
<use 10_img/chap5/01_03_addon.PNG>
Package pdftex.def Info: 10_img/chap5/01_03_addon.PNG  used on input line 37.
(pdftex.def)             Requested size: 398.33858pt x 107.60881pt.

Underfull \vbox (badness 10000) has occurred while \output is active []

 [54 <g:/011_UQAM/00_MAITRISE/5ca218ab4c4081742cc66c1b/10_img/chap5/01_01_01_weapon.PNG> <g:/011_UQAM/00_MAITRISE/5ca218ab4c4081742cc66c1b/10_img/chap5/01_01_02_equipment.PNG> <g:/011_UQAM/00_MAITRISE/5ca218ab4c4081742cc66c1b/10_img/chap5/01_01_03_jewerly.PNG>]
<10_img/chap5/01_04_usable.PNG, id=430, 395.97937pt x 153.57375pt>
File: 10_img/chap5/01_04_usable.PNG Graphic file (type png)
<use 10_img/chap5/01_04_usable.PNG>
Package pdftex.def Info: 10_img/chap5/01_04_usable.PNG  used on input line 42.
(pdftex.def)             Requested size: 398.33858pt x 154.49194pt.
<10_img/chap5/01_05_craft.PNG, id=431, 423.08063pt x 159.59625pt>
File: 10_img/chap5/01_05_craft.PNG Graphic file (type png)
<use 10_img/chap5/01_05_craft.PNG>
Package pdftex.def Info: 10_img/chap5/01_05_craft.PNG  used on input line 47.
(pdftex.def)             Requested size: 398.33858pt x 150.26886pt.
<10_img/chap5/01_06_currency.PNG, id=432, 430.60875pt x 189.70876pt>
File: 10_img/chap5/01_06_currency.PNG Graphic file (type png)
<use 10_img/chap5/01_06_currency.PNG>
Package pdftex.def Info: 10_img/chap5/01_06_currency.PNG  used on input line 52.
(pdftex.def)             Requested size: 398.33858pt x 175.49521pt.

Underfull \vbox (badness 3108) has occurred while \output is active []

 [55 <g:/011_UQAM/00_MAITRISE/5ca218ab4c4081742cc66c1b/10_img/chap5/01_01_04_tool.PNG> <g:/011_UQAM/00_MAITRISE/5ca218ab4c4081742cc66c1b/10_img/chap5/01_03_addon.PNG> <g:/011_UQAM/00_MAITRISE/5ca218ab4c4081742cc66c1b/10_img/chap5/01_04_usable.PNG>]
<10_img/chap5/02_00_animate.PNG, id=443, 450.9347pt x 173.89969pt>
File: 10_img/chap5/02_00_animate.PNG Graphic file (type png)
<use 10_img/chap5/02_00_animate.PNG>
Package pdftex.def Info: 10_img/chap5/02_00_animate.PNG  used on input line 60.
(pdftex.def)             Requested size: 398.33858pt x 153.6239pt.
<10_img/chap5/02_00_01_character.PNG, id=444, 256.70906pt x 101.62968pt>
File: 10_img/chap5/02_00_01_character.PNG Graphic file (type png)
<use 10_img/chap5/02_00_01_character.PNG>
Package pdftex.def Info: 10_img/chap5/02_00_01_character.PNG  used on input line 65.
(pdftex.def)             Requested size: 398.33858pt x 157.712pt.

Underfull \vbox (badness 10000) has occurred while \output is active []

 [56 <g:/011_UQAM/00_MAITRISE/5ca218ab4c4081742cc66c1b/10_img/chap5/01_05_craft.PNG> <g:/011_UQAM/00_MAITRISE/5ca218ab4c4081742cc66c1b/10_img/chap5/01_06_currency.PNG>]
<10_img/chap5/02_00_02_creature.PNG, id=454, 656.4525pt x 100.87688pt>
File: 10_img/chap5/02_00_02_creature.PNG Graphic file (type png)
<use 10_img/chap5/02_00_02_creature.PNG>
Package pdftex.def Info: 10_img/chap5/02_00_02_creature.PNG  used on input line 70.
(pdftex.def)             Requested size: 398.33858pt x 61.21309pt.
<10_img/chap5/03_00_charactersheet.PNG, id=455, 962.84718pt x 155.07938pt>
File: 10_img/chap5/03_00_charactersheet.PNG Graphic file (type png)
<use 10_img/chap5/03_00_charactersheet.PNG>
Package pdftex.def Info: 10_img/chap5/03_00_charactersheet.PNG  used on input line 79.
(pdftex.def)             Requested size: 398.33858pt x 64.1556pt.
<10_img/chap5/03_00_01_statistic.PNG, id=456, 822.82407pt x 346.29375pt>
File: 10_img/chap5/03_00_01_statistic.PNG Graphic file (type png)
<use 10_img/chap5/03_00_01_statistic.PNG>
Package pdftex.def Info: 10_img/chap5/03_00_01_statistic.PNG  used on input line 84.
(pdftex.def)             Requested size: 398.33858pt x 167.64578pt.
 [57 <g:/011_UQAM/00_MAITRISE/5ca218ab4c4081742cc66c1b/10_img/chap5/02_00_animate.PNG> <g:/011_UQAM/00_MAITRISE/5ca218ab4c4081742cc66c1b/10_img/chap5/02_00_01_character.PNG> <g:/011_UQAM/00_MAITRISE/5ca218ab4c4081742cc66c1b/10_img/chap5/02_00_02_creature.PNG>]
<10_img/chap5/03_00_02_attribute.PNG, id=469, 634.62094pt x 202.50656pt>
File: 10_img/chap5/03_00_02_attribute.PNG Graphic file (type png)
<use 10_img/chap5/03_00_02_attribute.PNG>
Package pdftex.def Info: 10_img/chap5/03_00_02_attribute.PNG  used on input line 89.
(pdftex.def)             Requested size: 398.33858pt x 127.1132pt.
<10_img/chap5/03_00_03_information.PNG, id=470, 1066.7353pt x 248.42813pt>
File: 10_img/chap5/03_00_03_information.PNG Graphic file (type png)
<use 10_img/chap5/03_00_03_information.PNG>
Package pdftex.def Info: 10_img/chap5/03_00_03_information.PNG  used on input line 94.
(pdftex.def)             Requested size: 398.33858pt x 92.76608pt.
 [58 <g:/011_UQAM/00_MAITRISE/5ca218ab4c4081742cc66c1b/10_img/chap5/03_00_charactersheet.PNG> <g:/011_UQAM/00_MAITRISE/5ca218ab4c4081742cc66c1b/10_img/chap5/03_00_01_statistic.PNG> <g:/011_UQAM/00_MAITRISE/5ca218ab4c4081742cc66c1b/10_img/chap5/03_00_02_attribute.PNG>]
<10_img/chap5/04_00_lore.PNG, id=482, 772.38562pt x 155.07938pt>
File: 10_img/chap5/04_00_lore.PNG Graphic file (type png)
<use 10_img/chap5/04_00_lore.PNG>
Package pdftex.def Info: 10_img/chap5/04_00_lore.PNG  used on input line 102.
(pdftex.def)             Requested size: 398.33858pt x 79.97916pt.
<10_img/chap5/05_00_world.PNG, id=483, 581.17125pt x 166.37157pt>
File: 10_img/chap5/05_00_world.PNG Graphic file (type png)
<use 10_img/chap5/05_00_world.PNG>
Package pdftex.def Info: 10_img/chap5/05_00_world.PNG  used on input line 110.
(pdftex.def)             Requested size: 398.33858pt x 114.03236pt.
<10_img/chap5/06_00_interaction.PNG, id=484, 1167.61218pt x 168.63pt>
File: 10_img/chap5/06_00_interaction.PNG Graphic file (type png)
<use 10_img/chap5/06_00_interaction.PNG>
Package pdftex.def Info: 10_img/chap5/06_00_interaction.PNG  used on input line 118.
(pdftex.def)             Requested size: 398.33858pt x 57.52899pt.
)
Underfull \vbox (badness 7981) has occurred while \output is active []

 [59 <g:/011_UQAM/00_MAITRISE/5ca218ab4c4081742cc66c1b/10_img/chap5/03_00_03_information.PNG> <g:/011_UQAM/00_MAITRISE/5ca218ab4c4081742cc66c1b/10_img/chap5/04_00_lore.PNG> <g:/011_UQAM/00_MAITRISE/5ca218ab4c4081742cc66c1b/10_img/chap5/05_00_world.PNG>] [60 <g:/011_UQAM/00_MAITRISE/5ca218ab4c4081742cc66c1b/10_img/chap5/06_00_interaction.PNG>]
No file 00_coquille.bbl.

Package natbib Warning: There were undefined citations.

Package atveryend Info: Empty hook `BeforeClearDocument' on input line 116.
Package atveryend Info: Empty hook `AfterLastShipout' on input line 116.
(g:/011_UQAM/00_MAITRISE/5ca218ab4c4081742cc66c1b/00_coquille.aux (g:/011_UQAM/00_MAITRISE/5ca218ab4c4081742cc66c1b/01_lim/04_abreviations.aux) (g:/011_UQAM/00_MAITRISE/5ca218ab4c4081742cc66c1b/01_lim/05_abstract.aux) (g:/011_UQAM/00_MAITRISE/5ca218ab4c4081742cc66c1b/02_cor/06_introduction.aux) (g:/011_UQAM/00_MAITRISE/5ca218ab4c4081742cc66c1b/02_cor/07_problematique.aux) (g:/011_UQAM/00_MAITRISE/5ca218ab4c4081742cc66c1b/02_cor/08_GDD.aux) (g:/011_UQAM/00_MAITRISE/5ca218ab4c4081742cc66c1b/02_cor/09_MDA.aux) (g:/011_UQAM/00_MAITRISE/5ca218ab4c4081742cc66c1b/02_cor/10_UMLprofile.aux) (g:/011_UQAM/00_MAITRISE/5ca218ab4c4081742cc66c1b/02_cor/11_plan_recherche.aux) (g:/011_UQAM/00_MAITRISE/5ca218ab4c4081742cc66c1b/02_cor/12_resultats.aux) (g:/011_UQAM/00_MAITRISE/5ca218ab4c4081742cc66c1b/02_cor/13_conclusion.aux) (g:/011_UQAM/00_MAITRISE/5ca218ab4c4081742cc66c1b/02_cor/20_annexe1_profile.aux))
Package atveryend Info: Executing hook `AtVeryEndDocument' on input line 116.
Package atveryend Info: Executing hook `AtEndAfterFileList' on input line 116.


Package rerunfilecheck Warning: File `00_coquille.out' has changed.
(rerunfilecheck)                Rerun to get outlines right
(rerunfilecheck)                or use package `bookmark'.

Package rerunfilecheck Info: Checksums for `00_coquille.out':
(rerunfilecheck)             Before: <no file>
(rerunfilecheck)             After:  8BAE66DF733545A368355AFD9E7C4178;4522.

LaTeX Warning: There were undefined references.


LaTeX Warning: Label(s) may have changed. Rerun to get cross-references right.

Package atveryend Info: Empty hook `AtVeryVeryEnd' on input line 116.
 ) 
Here is how much of TeX's memory you used:
 27159 strings out of 492609
 501631 string characters out of 6132833
 624332 words of memory out of 5000000
 30295 multiletter control sequences out of 15000+600000
 13548 words of font info for 39 fonts, out of 8000000 for 9000
 1141 hyphenation exceptions out of 8191
 48i,9n,79p,2040b,502s stack positions out of 5000i,500n,10000p,200000b,80000s
pdfTeX warning (dest): name{glo:fps} has been referenced but does not exist, replaced by a fixed one

pdfTeX warning (dest): name{glo:dde} has been referenced but does not exist, replaced by a fixed one

pdfTeX warning (dest): name{glo:dpe} has been referenced but does not exist, replaced by a fixed one

pdfTeX warning (dest): name{glo:mda} has been referenced but does not exist, replaced by a fixed one

pdfTeX warning (dest): name{glo:usp} has been referenced but does not exist, replaced by a fixed one

pdfTeX warning (dest): name{glo:esrb} has been referenced but does not exist, replaced by a fixed one

pdfTeX warning (dest): name{glo:gdd} has been referenced but does not exist, replaced by a fixed one

pdfTeX warning (dest): name{glo:uml} has been referenced but does not exist, replaced by a fixed one

pdfTeX warning (dest): name{glo:gg} has been referenced but does not exist, replaced by a fixed one

pdfTeX warning (dest): name{glo:dlc} has been referenced but does not exist, replaced by a fixed one

{c:/texlive/2019/texmf-dist/fonts/enc/dvips/cm-super/cm-super-t1.enc}<c:/texlive/2019/texmf-dist/fonts/type1/public/amsfonts/cm/cmr12.pfb><c:/texlive/2019/texmf-dist/fonts/type1/public/amsfonts/cm/cmr8.pfb><c:/texlive/2019/texmf-dist/fonts/type1/public/cm-super/sfbx1200.pfb><c:/texlive/2019/texmf-dist/fonts/type1/public/cm-super/sfrm1000.pfb><c:/texlive/2019/texmf-dist/fonts/type1/public/cm-super/sfrm1095.pfb><c:/texlive/2019/texmf-dist/fonts/type1/public/cm-super/sfrm1200.pfb><c:/texlive/2019/texmf-dist/fonts/type1/public/cm-super/sfti1000.pfb><c:/texlive/2019/texmf-dist/fonts/type1/public/cm-super/sfti1200.pfb>
Output written on g:/011_UQAM/00_MAITRISE/5ca218ab4c4081742cc66c1b/00_coquille.pdf (70 pages, 645564 bytes).
PDF statistics:
 574 PDF objects out of 1000 (max. 8388607)
 421 compressed objects within 5 object streams
 184 named destinations out of 1000 (max. 500000)
 183 words of extra memory for PDF output out of 10000 (max. 10000000)

